Determining if the pthread_create exist failed with the following output:
Change Dir: /home/mrsiz/source_code/my_unp/threads/CMakeFiles/CMakeTmp

Run Build Command:"/usr/bin/make" "cmTC_86d0e/fast"
/usr/bin/make -f CMakeFiles/cmTC_86d0e.dir/build.make CMakeFiles/cmTC_86d0e.dir/build
make[1]: Entering directory '/home/mrsiz/source_code/my_unp/threads/CMakeFiles/CMakeTmp'
Building C object CMakeFiles/cmTC_86d0e.dir/CheckSymbolExists.c.o
/usr/bin/cc     -o CMakeFiles/cmTC_86d0e.dir/CheckSymbolExists.c.o   -c /home/mrsiz/source_code/my_unp/threads/CMakeFiles/CMakeTmp/CheckSymbolExists.c
Linking C executable cmTC_86d0e
/usr/bin/cmake -E cmake_link_script CMakeFiles/cmTC_86d0e.dir/link.txt --verbose=1
/usr/bin/cc       CMakeFiles/cmTC_86d0e.dir/CheckSymbolExists.c.o  -o cmTC_86d0e 
CMakeFiles/cmTC_86d0e.dir/CheckSymbolExists.c.o：在函数‘main’中：
CheckSymbolExists.c:(.text+0x16)：对‘pthread_create’未定义的引用
collect2: error: ld returned 1 exit status
CMakeFiles/cmTC_86d0e.dir/build.make:97: recipe for target 'cmTC_86d0e' failed
make[1]: *** [cmTC_86d0e] Error 1
make[1]: Leaving directory '/home/mrsiz/source_code/my_unp/threads/CMakeFiles/CMakeTmp'
Makefile:126: recipe for target 'cmTC_86d0e/fast' failed
make: *** [cmTC_86d0e/fast] Error 2

File /home/mrsiz/source_code/my_unp/threads/CMakeFiles/CMakeTmp/CheckSymbolExists.c:
/* */
#include <pthread.h>

int main(int argc, char** argv)
{
  (void)argv;
#ifndef pthread_create
  return ((int*)(&pthread_create))[argc];
#else
  (void)argc;
  return 0;
#endif
}

Determining if the function pthread_create exists in the pthreads failed with the following output:
Change Dir: /home/mrsiz/source_code/my_unp/threads/CMakeFiles/CMakeTmp

Run Build Command:"/usr/bin/make" "cmTC_69d2d/fast"
/usr/bin/make -f CMakeFiles/cmTC_69d2d.dir/build.make CMakeFiles/cmTC_69d2d.dir/build
make[1]: Entering directory '/home/mrsiz/source_code/my_unp/threads/CMakeFiles/CMakeTmp'
Building C object CMakeFiles/cmTC_69d2d.dir/CheckFunctionExists.c.o
/usr/bin/cc    -DCHECK_FUNCTION_EXISTS=pthread_create   -o CMakeFiles/cmTC_69d2d.dir/CheckFunctionExists.c.o   -c /usr/share/cmake-3.5/Modules/CheckFunctionExists.c
Linking C executable cmTC_69d2d
/usr/bin/cmake -E cmake_link_script CMakeFiles/cmTC_69d2d.dir/link.txt --verbose=1
/usr/bin/cc   -DCHECK_FUNCTION_EXISTS=pthread_create    CMakeFiles/cmTC_69d2d.dir/CheckFunctionExists.c.o  -o cmTC_69d2d -lpthreads 
/usr/bin/ld: 找不到 -lpthreads
collect2: error: ld returned 1 exit status
CMakeFiles/cmTC_69d2d.dir/build.make:97: recipe for target 'cmTC_69d2d' failed
make[1]: *** [cmTC_69d2d] Error 1
make[1]: Leaving directory '/home/mrsiz/source_code/my_unp/threads/CMakeFiles/CMakeTmp'
Makefile:126: recipe for target 'cmTC_69d2d/fast' failed
make: *** [cmTC_69d2d/fast] Error 2


